<?xml version="1.0" encoding="UTF-8"?>
<testsuite xmlns:xsi="http://www.w3.org/2001/XMLSchema-instance" xsi:noNamespaceSchemaLocation="https://maven.apache.org/surefire/maven-surefire-plugin/xsd/surefire-test-report-3.0.xsd" version="3.0" name="com.wm.notification.NotificationModuleApplicationTests" time="8.774" tests="1" errors="0" skipped="0" failures="0">
  <properties>
[...]
</properties>
  <testcase name="contextLoads" classname="com.wm.notification.NotificationModuleApplicationTests" time="0.722">
    <system-out><![CDATA[09:41:55.699 [main] INFO org.springframework.test.context.support.AnnotationConfigContextLoaderUtils -- Could not detect default configuration classes for test class [com.wm.notification.NotificationModuleApplicationTests]: NotificationModuleApplicationTests does not declare any static, non-private, non-final, nested classes annotated with @Configuration.
09:41:55.817 [main] INFO org.springframework.boot.test.context.SpringBootTestContextBootstrapper -- Found @SpringBootConfiguration com.wm.notification.NotificationModuleApplication for test class com.wm.notification.NotificationModuleApplicationTests
09:41:55.993 [main] INFO org.springframework.boot.devtools.restart.RestartApplicationListener -- Restart disabled due to context in which it is running

  .   ____          _            __ _ _
 /\\ / ___'_ __ _ _(_)_ __  __ _ \ \ \ \
( ( )\___ | '_ | '_| | '_ \/ _` | \ \ \ \
 \\/  ___)| |_)| | | | | || (_| |  ) ) ) )
  '  |____| .__|_| |_|_| |_\__, | / / / /
 =========|_|==============|___/=/_/_/_/
 :: Spring Boot ::                (v3.1.5)

2024-09-13T09:41:56.306+01:00  WARN 6650 --- [           main] ory$DuplicateJsonObjectContextCustomizer : 

Found multiple occurrences of org.json.JSONObject on the class path:

	jar:file:/Users/delsonstech/.m2/repository/com/vaadin/external/google/android-json/0.0.20131108.vaadin1/android-json-0.0.20131108.vaadin1.jar!/org/json/JSONObject.class
	jar:file:/Users/delsonstech/.m2/repository/org/json/json/20220320/json-20220320.jar!/org/json/JSONObject.class

You may wish to exclude one of them to ensure predictable runtime behavior

2024-09-13T09:41:56.330+01:00  INFO 6650 --- [           main] c.w.n.NotificationModuleApplicationTests : Starting NotificationModuleApplicationTests using Java 21.0.3 with PID 6650 (started by kiddoyahkin in /Users/delsonstech/Documents/GitHub/wm-notification-app)
2024-09-13T09:41:56.332+01:00  INFO 6650 --- [           main] c.w.n.NotificationModuleApplicationTests : The following 1 profile is active: "dev"
2024-09-13T09:41:57.155+01:00  INFO 6650 --- [           main] .s.d.r.c.RepositoryConfigurationDelegate : Multiple Spring Data modules found, entering strict repository configuration mode
2024-09-13T09:41:57.156+01:00  INFO 6650 --- [           main] .s.d.r.c.RepositoryConfigurationDelegate : Bootstrapping Spring Data Redis repositories in DEFAULT mode.
2024-09-13T09:41:57.182+01:00  INFO 6650 --- [           main] .s.d.r.c.RepositoryConfigurationDelegate : Finished Spring Data repository scanning in 5 ms. Found 0 Redis repository interfaces.
2024-09-13T09:41:57.506+01:00  INFO 6650 --- [           main] .s.d.r.c.RepositoryConfigurationDelegate : Multiple Spring Data modules found, entering strict repository configuration mode
2024-09-13T09:41:57.507+01:00  INFO 6650 --- [           main] .s.d.r.c.RepositoryConfigurationDelegate : Bootstrapping Spring Data JPA repositories in DEFAULT mode.
2024-09-13T09:41:57.707+01:00  INFO 6650 --- [           main] .s.d.r.c.RepositoryConfigurationDelegate : Finished Spring Data repository scanning in 196 ms. Found 3 JPA repository interfaces.
2024-09-13T09:41:57.717+01:00  INFO 6650 --- [           main] .s.d.r.c.RepositoryConfigurationDelegate : Multiple Spring Data modules found, entering strict repository configuration mode
2024-09-13T09:41:57.718+01:00  INFO 6650 --- [           main] .s.d.r.c.RepositoryConfigurationDelegate : Bootstrapping Spring Data Redis repositories in DEFAULT mode.
2024-09-13T09:41:57.728+01:00  INFO 6650 --- [           main] .RepositoryConfigurationExtensionSupport : Spring Data Redis - Could not safely identify store assignment for repository candidate interface com.wm.notification.respository.MailRepository; If you want this repository to be a Redis repository, consider annotating your entities with one of these annotations: org.springframework.data.redis.core.RedisHash (preferred), or consider extending one of the following types with your repository: org.springframework.data.keyvalue.repository.KeyValueRepository
2024-09-13T09:41:57.729+01:00  INFO 6650 --- [           main] .RepositoryConfigurationExtensionSupport : Spring Data Redis - Could not safely identify store assignment for repository candidate interface com.wm.notification.respository.NotificationRepository; If you want this repository to be a Redis repository, consider annotating your entities with one of these annotations: org.springframework.data.redis.core.RedisHash (preferred), or consider extending one of the following types with your repository: org.springframework.data.keyvalue.repository.KeyValueRepository
2024-09-13T09:41:57.730+01:00  INFO 6650 --- [           main] .RepositoryConfigurationExtensionSupport : Spring Data Redis - Could not safely identify store assignment for repository candidate interface com.wm.notification.respository.SmsRepository; If you want this repository to be a Redis repository, consider annotating your entities with one of these annotations: org.springframework.data.redis.core.RedisHash (preferred), or consider extending one of the following types with your repository: org.springframework.data.keyvalue.repository.KeyValueRepository
2024-09-13T09:41:57.730+01:00  INFO 6650 --- [           main] .s.d.r.c.RepositoryConfigurationDelegate : Finished Spring Data repository scanning in 12 ms. Found 0 Redis repository interfaces.
2024-09-13T09:41:58.519+01:00  INFO 6650 --- [           main] o.hibernate.jpa.internal.util.LogHelper  : HHH000204: Processing PersistenceUnitInfo [name: default]
2024-09-13T09:41:58.579+01:00  INFO 6650 --- [           main] org.hibernate.Version                    : HHH000412: Hibernate ORM core version 6.2.13.Final
2024-09-13T09:41:58.581+01:00  INFO 6650 --- [           main] org.hibernate.cfg.Environment            : HHH000406: Using bytecode reflection optimizer
2024-09-13T09:41:58.885+01:00  INFO 6650 --- [           main] o.s.o.j.p.SpringPersistenceUnitInfo      : No LoadTimeWeaver setup: ignoring JPA class transformer
2024-09-13T09:41:58.914+01:00  INFO 6650 --- [           main] com.zaxxer.hikari.HikariDataSource       : HikariPool-1 - Starting...
2024-09-13T09:41:59.361+01:00  INFO 6650 --- [           main] com.zaxxer.hikari.pool.HikariPool        : HikariPool-1 - Added connection com.mysql.cj.jdbc.ConnectionImpl@5cba890e
2024-09-13T09:41:59.364+01:00  INFO 6650 --- [           main] com.zaxxer.hikari.HikariDataSource       : HikariPool-1 - Start completed.
2024-09-13T09:41:59.412+01:00  WARN 6650 --- [           main] org.hibernate.orm.deprecation            : HHH90000025: MySQL8Dialect does not need to be specified explicitly using 'hibernate.dialect' (remove the property setting and it will be selected by default)
2024-09-13T09:41:59.413+01:00  WARN 6650 --- [           main] org.hibernate.orm.deprecation            : HHH90000026: MySQL8Dialect has been deprecated; use org.hibernate.dialect.MySQLDialect instead
2024-09-13T09:42:00.401+01:00  INFO 6650 --- [           main] o.h.e.t.j.p.i.JtaPlatformInitiator       : HHH000489: No JTA platform available (set 'hibernate.transaction.jta.platform' to enable JTA platform integration)
2024-09-13T09:42:00.454+01:00  INFO 6650 --- [           main] j.LocalContainerEntityManagerFactoryBean : Initialized JPA EntityManagerFactory for persistence unit 'default'
2024-09-13T09:42:01.360+01:00  WARN 6650 --- [           main] JpaBaseConfiguration$JpaWebConfiguration : spring.jpa.open-in-view is enabled by default. Therefore, database queries may be performed during view rendering. Explicitly configure spring.jpa.open-in-view to disable this warning
2024-09-13T09:42:01.780+01:00  INFO 6650 --- [           main] o.s.s.web.DefaultSecurityFilterChain     : Will secure any request with [org.springframework.security.web.session.DisableEncodeUrlFilter@20834c45, org.springframework.security.web.context.request.async.WebAsyncManagerIntegrationFilter@74061ced, org.springframework.security.web.context.SecurityContextHolderFilter@6d4f1a44, org.springframework.security.web.header.HeaderWriterFilter@5b1dd206, org.springframework.security.web.authentication.logout.LogoutFilter@66f15ce5, org.springframework.security.oauth2.server.resource.web.authentication.BearerTokenAuthenticationFilter@388b9799, org.springframework.security.web.savedrequest.RequestCacheAwareFilter@6deb2b19, org.springframework.security.web.servletapi.SecurityContextHolderAwareRequestFilter@65b639e1, org.springframework.security.web.authentication.AnonymousAuthenticationFilter@10d56aab, org.springframework.security.web.session.SessionManagementFilter@3208e15, org.springframework.security.web.access.ExceptionTranslationFilter@4a592d22, org.springframework.security.web.access.intercept.AuthorizationFilter@71acf065]
2024-09-13T09:42:01.785+01:00  WARN 6650 --- [           main] o.s.s.c.a.web.builders.WebSecurity       : You are asking Spring Security to ignore Ant [pattern='/public/**', POST]. This is not recommended -- please use permitAll via HttpSecurity#authorizeHttpRequests instead.
2024-09-13T09:42:01.785+01:00  INFO 6650 --- [           main] o.s.s.web.DefaultSecurityFilterChain     : Will not secure Ant [pattern='/public/**', POST]
2024-09-13T09:42:01.786+01:00  WARN 6650 --- [           main] o.s.s.c.a.web.builders.WebSecurity       : You are asking Spring Security to ignore Ant [pattern='/public/**', GET]. This is not recommended -- please use permitAll via HttpSecurity#authorizeHttpRequests instead.
2024-09-13T09:42:01.786+01:00  INFO 6650 --- [           main] o.s.s.web.DefaultSecurityFilterChain     : Will not secure Ant [pattern='/public/**', GET]
2024-09-13T09:42:01.786+01:00  WARN 6650 --- [           main] o.s.s.c.a.web.builders.WebSecurity       : You are asking Spring Security to ignore Ant [pattern='/public/**', DELETE]. This is not recommended -- please use permitAll via HttpSecurity#authorizeHttpRequests instead.
2024-09-13T09:42:01.786+01:00  INFO 6650 --- [           main] o.s.s.web.DefaultSecurityFilterChain     : Will not secure Ant [pattern='/public/**', DELETE]
2024-09-13T09:42:01.786+01:00  WARN 6650 --- [           main] o.s.s.c.a.web.builders.WebSecurity       : You are asking Spring Security to ignore Ant [pattern='/public/**', PUT]. This is not recommended -- please use permitAll via HttpSecurity#authorizeHttpRequests instead.
2024-09-13T09:42:01.786+01:00  INFO 6650 --- [           main] o.s.s.web.DefaultSecurityFilterChain     : Will not secure Ant [pattern='/public/**', PUT]
2024-09-13T09:42:01.786+01:00  WARN 6650 --- [           main] o.s.s.c.a.web.builders.WebSecurity       : You are asking Spring Security to ignore Ant [pattern='/**', OPTIONS]. This is not recommended -- please use permitAll via HttpSecurity#authorizeHttpRequests instead.
2024-09-13T09:42:01.786+01:00  INFO 6650 --- [           main] o.s.s.web.DefaultSecurityFilterChain     : Will not secure Ant [pattern='/**', OPTIONS]
2024-09-13T09:42:01.786+01:00  WARN 6650 --- [           main] o.s.s.c.a.web.builders.WebSecurity       : You are asking Spring Security to ignore Ant [pattern='/v3/api-docs/**']. This is not recommended -- please use permitAll via HttpSecurity#authorizeHttpRequests instead.
2024-09-13T09:42:01.787+01:00  INFO 6650 --- [           main] o.s.s.web.DefaultSecurityFilterChain     : Will not secure Ant [pattern='/v3/api-docs/**']
2024-09-13T09:42:01.787+01:00  WARN 6650 --- [           main] o.s.s.c.a.web.builders.WebSecurity       : You are asking Spring Security to ignore Ant [pattern='/configuration/**']. This is not recommended -- please use permitAll via HttpSecurity#authorizeHttpRequests instead.
2024-09-13T09:42:01.787+01:00  INFO 6650 --- [           main] o.s.s.web.DefaultSecurityFilterChain     : Will not secure Ant [pattern='/configuration/**']
2024-09-13T09:42:01.787+01:00  WARN 6650 --- [           main] o.s.s.c.a.web.builders.WebSecurity       : You are asking Spring Security to ignore Ant [pattern='/swagger-ui/**']. This is not recommended -- please use permitAll via HttpSecurity#authorizeHttpRequests instead.
2024-09-13T09:42:01.787+01:00  INFO 6650 --- [           main] o.s.s.web.DefaultSecurityFilterChain     : Will not secure Ant [pattern='/swagger-ui/**']
2024-09-13T09:42:01.787+01:00  WARN 6650 --- [           main] o.s.s.c.a.web.builders.WebSecurity       : You are asking Spring Security to ignore Ant [pattern='/swagger-resources/**']. This is not recommended -- please use permitAll via HttpSecurity#authorizeHttpRequests instead.
2024-09-13T09:42:01.787+01:00  INFO 6650 --- [           main] o.s.s.web.DefaultSecurityFilterChain     : Will not secure Ant [pattern='/swagger-resources/**']
2024-09-13T09:42:01.787+01:00  WARN 6650 --- [           main] o.s.s.c.a.web.builders.WebSecurity       : You are asking Spring Security to ignore Ant [pattern='/swagger-ui.html']. This is not recommended -- please use permitAll via HttpSecurity#authorizeHttpRequests instead.
2024-09-13T09:42:01.787+01:00  INFO 6650 --- [           main] o.s.s.web.DefaultSecurityFilterChain     : Will not secure Ant [pattern='/swagger-ui.html']
2024-09-13T09:42:01.787+01:00  WARN 6650 --- [           main] o.s.s.c.a.web.builders.WebSecurity       : You are asking Spring Security to ignore Ant [pattern='/webjars/**']. This is not recommended -- please use permitAll via HttpSecurity#authorizeHttpRequests instead.
2024-09-13T09:42:01.787+01:00  INFO 6650 --- [           main] o.s.s.web.DefaultSecurityFilterChain     : Will not secure Ant [pattern='/webjars/**']
2024-09-13T09:42:01.788+01:00  WARN 6650 --- [           main] o.s.s.c.a.web.builders.WebSecurity       : You are asking Spring Security to ignore Ant [pattern='/api-docs/**']. This is not recommended -- please use permitAll via HttpSecurity#authorizeHttpRequests instead.
2024-09-13T09:42:01.788+01:00  INFO 6650 --- [           main] o.s.s.web.DefaultSecurityFilterChain     : Will not secure Ant [pattern='/api-docs/**']
2024-09-13T09:42:03.398+01:00  INFO 6650 --- [           main] o.s.a.r.c.CachingConnectionFactory       : Attempting to connect to: [localhost:5672]
2024-09-13T09:42:03.463+01:00  INFO 6650 --- [           main] o.s.a.r.c.CachingConnectionFactory       : Created new connection: rabbitConnectionFactory#5d8de4bd:0/SimpleConnection@6a2d0632 [delegate=amqp://guest@127.0.0.1:5672/, localPort=50661]
2024-09-13T09:42:03.514+01:00  INFO 6650 --- [           main] c.w.n.NotificationModuleApplicationTests : Started NotificationModuleApplicationTests in 7.535 seconds (process running for 8.748)
]]></system-out>
    <system-err><![CDATA[WARNING: A Java agent has been loaded dynamically (/Users/delsonstech/.m2/repository/net/bytebuddy/byte-buddy-agent/1.14.9/byte-buddy-agent-1.14.9.jar)
WARNING: If a serviceability tool is in use, please run with -XX:+EnableDynamicAgentLoading to hide this warning
WARNING: If a serviceability tool is not in use, please run with -Djdk.instrument.traceUsage for more information
WARNING: Dynamic loading of agents will be disallowed by default in a future release
]]></system-err>
  </testcase>
</testsuite>